#
# A fatal error has been detected by the Java Runtime Environment:
#
#  Internal Error (javaClasses.cpp:126), pid=6100, tid=3816
#  fatal error: Invalid layout of preloaded class
#
# JRE version:  (8.0_20-b26) (build )
# Java VM: Java HotSpot(TM) 64-Bit Server VM (25.20-b23 mixed mode windows-amd64 compressed oops)
# Failed to write core dump. Minidumps are not enabled by default on client versions of Windows
#
# If you would like to submit a bug report, please visit:
#   http://bugreport.sun.com/bugreport/crash.jsp
#

---------------  T H R E A D  ---------------

Current thread (0x000000000253e000):  JavaThread "Unknown thread" [_thread_in_vm, id=3816, stack(0x00000000026b0000,0x00000000027b0000)]

Stack: [0x00000000026b0000,0x00000000027b0000]
Native frames: (J=compiled Java code, j=interpreted, Vv=VM code, C=native code)
V  [jvm.dll+0x3152fa]
V  [jvm.dll+0x265d03]
V  [jvm.dll+0x266943]
V  [jvm.dll+0x25e1e6]
V  [jvm.dll+0x5e64c]
V  [jvm.dll+0x5e743]
V  [jvm.dll+0x7316a]
V  [jvm.dll+0x734c8]
V  [jvm.dll+0xe3937]
V  [jvm.dll+0xe3cc6]
V  [jvm.dll+0x1f89d7]
V  [jvm.dll+0x229fc4]
V  [jvm.dll+0x14c6f1]
C  [javaw.exe+0x20c6]
C  [javaw.exe+0xc9eb]
C  [javaw.exe+0xca7f]
C  [kernel32.dll+0x159ed]
C  [ntdll.dll+0x2c541]


---------------  P R O C E S S  ---------------

Java Threads: ( => current thread )

Other Threads:

=>0x000000000253e000 (exited) JavaThread "Unknown thread" [_thread_in_vm, id=3816, stack(0x00000000026b0000,0x00000000027b0000)]

VM state:not at safepoint (not fully initialized)

VM Mutex/Monitor currently owned by a thread: None

GC Heap History (0 events):
No events

Deoptimization events (0 events):
No events

Internal exceptions (0 events):
No events

Events (10 events):
Event: 0.090 loading class java/lang/CharSequence done
Event: 0.090 loading class java/lang/String done
Event: 0.090 loading class java/lang/Class
Event: 0.090 loading class java/lang/reflect/AnnotatedElement
Event: 0.090 loading class java/lang/reflect/AnnotatedElement done
Event: 0.090 loading class java/lang/reflect/GenericDeclaration
Event: 0.090 loading class java/lang/reflect/GenericDeclaration done
Event: 0.090 loading class java/lang/reflect/Type
Event: 0.090 loading class java/lang/reflect/Type done
Event: 0.090 loading class java/lang/Class done


Dynamic libraries:
0x000000013f340000 - 0x000000013f374000 	D:\Java\jre8\bin\javaw.exe
0x0000000077920000 - 0x0000000077ac9000 	C:\Windows\SYSTEM32\ntdll.dll
0x00000000775c0000 - 0x00000000776df000 	C:\Windows\system32\kernel32.dll
0x000007fefd8c0000 - 0x000007fefd92c000 	C:\Windows\system32\KERNELBASE.dll
0x000007fefe350000 - 0x000007fefe42b000 	C:\Windows\system32\ADVAPI32.dll
0x000007fefe1a0000 - 0x000007fefe23f000 	C:\Windows\system32\msvcrt.dll
0x000007fefde20000 - 0x000007fefde3f000 	C:\Windows\SYSTEM32\sechost.dll
0x000007fefdfb0000 - 0x000007fefe0dd000 	C:\Windows\system32\RPCRT4.dll
0x0000000077820000 - 0x000000007791a000 	C:\Windows\system32\USER32.dll
0x000007fefd960000 - 0x000007fefd9c7000 	C:\Windows\system32\GDI32.dll
0x000007fefea30000 - 0x000007fefea3e000 	C:\Windows\system32\LPK.dll
0x000007feffae0000 - 0x000007feffba9000 	C:\Windows\system32\USP10.dll
0x000007fefbf60000 - 0x000007fefc154000 	C:\Windows\WinSxS\amd64_microsoft.windows.common-controls_6595b64144ccf1df_6.0.7601.17514_none_fa396087175ac9ac\COMCTL32.dll
0x000007fefdc90000 - 0x000007fefdd01000 	C:\Windows\system32\SHLWAPI.dll
0x000007fefea00000 - 0x000007fefea2e000 	C:\Windows\system32\IMM32.DLL
0x000007fefe240000 - 0x000007fefe349000 	C:\Windows\system32\MSCTF.dll
0x00000000638f0000 - 0x00000000639c2000 	D:\Java\jre8\bin\msvcr100.dll
0x000000005c2d0000 - 0x000000005cb28000 	D:\Java\jre8\bin\server\jvm.dll
0x000007fef8ae0000 - 0x000007fef8ae9000 	C:\Windows\system32\WSOCK32.dll
0x000007fefdbb0000 - 0x000007fefdbfd000 	C:\Windows\system32\WS2_32.dll
0x000007fefde10000 - 0x000007fefde18000 	C:\Windows\system32\NSI.dll
0x000007fefd840000 - 0x000007fefd87b000 	C:\Windows\system32\WINMM.dll
0x0000000077af0000 - 0x0000000077af7000 	C:\Windows\system32\PSAPI.DLL
0x0000000064b20000 - 0x0000000064b2f000 	D:\Java\jre8\bin\verify.dll
0x0000000064480000 - 0x00000000644a8000 	D:\Java\jre8\bin\java.dll
0x0000000064ad0000 - 0x0000000064ae6000 	D:\Java\jre8\bin\zip.dll
0x000007feeb2c0000 - 0x000007feeb3e5000 	C:\Windows\system32\dbghelp.dll

VM Arguments:
jvm_args: -Dfile.encoding=GBK -Xbootclasspath:D:\adt-bundle-windows-x86_64-20140321\sdk\platforms\android-19\android.jar 
java_command: org.eclipse.jdt.internal.junit.runner.RemoteTestRunner -version 3 -port 53341 -testLoaderClass org.eclipse.jdt.internal.junit4.runner.JUnit4TestLoader -loaderpluginname org.eclipse.jdt.junit4.runtime -classNames org.park.test.TestCmdManager
java_class_path (initial): e:\park\git\Bluetoot lock\BluetoothLock\bin\classes;E:\park\git\Bluetoot lock\BluetoothLock\libs\junit-4.7.jar;E:\park\git\Bluetoot lock\BluetoothLock\libs\ksoap2-android-assembly-3.3.0-jar-with-dependencies.jar;/D:/adt-bundle-windows-x86_64-20140321/eclipse/configuration/org.eclipse.osgi/bundles/204/1/.cp/;/D:/adt-bundle-windows-x86_64-20140321/eclipse/configuration/org.eclipse.osgi/bundles/203/1/.cp/
Launcher Type: SUN_STANDARD

Environment Variables:
JAVA_HOME=D:\Java\jdk1.8.0_20
CLASSPATH=.;D:\Java\jdk1.8.0_20\lib\tools.jar;D:\Java\jdk1.8.0_20\lib\dt.jar;D:\apache-tomcat-7.0.55\lib\servlet-api.jar;
PATH=D:/Java/jdk1.8.0_20/bin/../jre/bin/server;D:/Java/jdk1.8.0_20/bin/../jre/bin;D:/Java/jdk1.8.0_20/bin/../jre/lib/amd64;C:\Windows\system32;C:\Windows;C:\Windows\System32\Wbem;C:\Windows\System32\WindowsPowerShell\v1.0\;D:\Java\jdk1.8.0_20\bin\;D:\adt-bundle-windows-x86_64-20140321\sdk\platform-tools\;C:\Program Files\Microsoft\Web Platform Installer\;C:\Program Files\Microsoft SQL Server\110\Tools\Binn\;D:\apache-tomcat-7.0.55\lib;D:\apache-tomcat-7.0.55\lib\servlet-api.jar;D:\apache-tomcat-7.0.55\lib\jsp-api.jar;D:\apache-tomcat-7.0.55\lib;D:\apache-tomcat-7.0.55\lib\servlet-api.jar;D:\apache-ant-1.9.4\bin;D:\axis2-1.6.2\bin;D:\apache-maven-3.1.0\bin;D:\adt-bundle-windows-x86_64-20140321\eclipse;
USERNAME=park
OS=Windows_NT
PROCESSOR_IDENTIFIER=Intel64 Family 6 Model 60 Stepping 3, GenuineIntel



---------------  S Y S T E M  ---------------

OS: Windows 7 , 64 bit Build 7601 Service Pack 1

CPU:total 4 (2 cores per cpu, 2 threads per core) family 6 model 60 stepping 3, cmov, cx8, fxsr, mmx, sse, sse2, sse3, ssse3, sse4.1, sse4.2, popcnt, avx, avx2, aes, clmul, erms, lzcnt, ht, tsc, tscinvbit, bmi1, bmi2

Memory: 4k page, physical 8254680k(4994248k free), swap 16507496k(12778372k free)

vm_info: Java HotSpot(TM) 64-Bit Server VM (25.20-b23) for windows-amd64 JRE (1.8.0_20-b26), built on Jul 30 2014 13:51:23 by "java_re" with MS VC++ 10.0 (VS2010)

time: Tue Oct 14 13:59:23 2014
elapsed time: 0 seconds (0d 0h 0m 0s)

